<?xml version="1.0" encoding="UTF-8"?>
<testng-results ignored="0" total="1" passed="1" failed="0" skipped="0">
  <reporter-output>
  </reporter-output>
  <suite started-at="2023-11-02T11:41:17Z" name="Default suite" finished-at="2023-11-02T11:41:22Z" duration-ms="4511">
    <groups>
    </groups>
    <test started-at="2023-11-02T11:41:17Z" name="Default test" finished-at="2023-11-02T11:41:22Z" duration-ms="4511">
      <class name="Tala_Task.GeoLocation">
        <test-method signature="geoLocation()[pri:0, instance:Tala_Task.GeoLocation@4716be8b]" started-at="2023-11-02T11:41:17Z" name="geoLocation" finished-at="2023-11-02T11:41:22Z" duration-ms="4493" status="PASS">
          <reporter-output>
          </reporter-output>
        </test-method> <!-- geoLocation -->
      </class> <!-- Tala_Task.GeoLocation -->
    </test> <!-- Default test -->
  </suite> <!-- Default suite -->
</testng-results>
